# JRE version: Java(TM) SE Runtime Environment (8.0_111-b14) (build 1.8.0_111-b14)
# Java VM: Java HotSpot(TM) 64-Bit Server VM (25.111-b14 mixed mode bsd-amd64 compressed oops)
Heap:
 PSYoungGen      total 38400K, used 1102K [0x0000000795580000, 0x0000000798680000, 0x00000007c0000000)
  eden space 33280K, 3% used [0x0000000795580000,0x0000000795693b20,0x0000000797600000)
  from space 5120K, 0% used [0x0000000797600000,0x0000000797600000,0x0000000797b00000)
  to   space 5120K, 0% used [0x0000000798180000,0x0000000798180000,0x0000000798680000)
 ParOldGen       total 159232K, used 22073K [0x0000000740000000, 0x0000000749b80000, 0x0000000795580000)
  object space 159232K, 13% used [0x0000000740000000,0x000000074158e670,0x0000000749b80000)
 Metaspace       used 26029K, capacity 27150K, committed 27264K, reserved 1073152K
  class space    used 3468K, capacity 3702K, committed 3712K, reserved 1048576K
GC Heap History (10 events):
Event: 1.843 GC heap before
{Heap before GC invocations=1 (full 0):
 PSYoungGen      total 38400K, used 33280K [0x0000000795580000, 0x0000000798000000, 0x00000007c0000000)
  eden space 33280K, 100% used [0x0000000795580000,0x0000000797600000,0x0000000797600000)
  from space 5120K, 0% used [0x0000000797b00000,0x0000000797b00000,0x0000000798000000)
  to   space 5120K, 0% used [0x0000000797600000,0x0000000797600000,0x0000000797b00000)
 ParOldGen       total 87552K, used 0K [0x0000000740000000, 0x0000000745580000, 0x0000000795580000)
  object space 87552K, 0% used [0x0000000740000000,0x0000000740000000,0x0000000745580000)
 Metaspace       used 16762K, capacity 17454K, committed 17664K, reserved 1064960K
  class space    used 2283K, capacity 2472K, committed 2560K, reserved 1048576K
Event: 1.851 GC heap after
Heap after GC invocations=1 (full 0):
 PSYoungGen      total 38400K, used 5109K [0x0000000795580000, 0x0000000798000000, 0x00000007c0000000)
  eden space 33280K, 0% used [0x0000000795580000,0x0000000795580000,0x0000000797600000)
  from space 5120K, 99% used [0x0000000797600000,0x0000000797afd588,0x0000000797b00000)
  to   space 5120K, 0% used [0x0000000797b00000,0x0000000797b00000,0x0000000798000000)
 ParOldGen       total 87552K, used 552K [0x0000000740000000, 0x0000000745580000, 0x0000000795580000)
  object space 87552K, 0% used [0x0000000740000000,0x000000074008a248,0x0000000745580000)
 Metaspace       used 16762K, capacity 17454K, committed 17664K, reserved 1064960K
  class space    used 2283K, capacity 2472K, committed 2560K, reserved 1048576K
}
Event: 6.968 GC heap before
{Heap before GC invocations=2 (full 0):
 PSYoungGen      total 38400K, used 25538K [0x0000000795580000, 0x0000000798000000, 0x00000007c0000000)
  eden space 33280K, 61% used [0x0000000795580000,0x0000000796973598,0x0000000797600000)
  from space 5120K, 99% used [0x0000000797600000,0x0000000797afd588,0x0000000797b00000)
  to   space 5120K, 0% used [0x0000000797b00000,0x0000000797b00000,0x0000000798000000)
 ParOldGen       total 87552K, used 552K [0x0000000740000000, 0x0000000745580000, 0x0000000795580000)
  object space 87552K, 0% used [0x0000000740000000,0x000000074008a248,0x0000000745580000)
 Metaspace       used 20130K, capacity 21204K, committed 21248K, reserved 1067008K
  class space    used 2792K, capacity 3041K, committed 3072K, reserved 1048576K
Event: 6.991 GC heap after
Heap after GC invocations=2 (full 0):
 PSYoungGen      total 38400K, used 5106K [0x0000000795580000, 0x0000000798000000, 0x00000007c0000000)
  eden space 33280K, 0% used [0x0000000795580000,0x0000000795580000,0x0000000797600000)
  from space 5120K, 99% used [0x0000000797b00000,0x0000000797ffcab0,0x0000000798000000)
  to   space 5120K, 0% used [0x0000000797600000,0x0000000797600000,0x0000000797b00000)
 ParOldGen       total 87552K, used 8637K [0x0000000740000000, 0x0000000745580000, 0x0000000795580000)
  object space 87552K, 9% used [0x0000000740000000,0x000000074086f718,0x0000000745580000)
 Metaspace       used 20130K, capacity 21204K, committed 21248K, reserved 1067008K
  class space    used 2792K, capacity 3041K, committed 3072K, reserved 1048576K
}
Event: 6.992 GC heap before
{Heap before GC invocations=3 (full 1):
 PSYoungGen      total 38400K, used 5106K [0x0000000795580000, 0x0000000798000000, 0x00000007c0000000)
  eden space 33280K, 0% used [0x0000000795580000,0x0000000795580000,0x0000000797600000)
  from space 5120K, 99% used [0x0000000797b00000,0x0000000797ffcab0,0x0000000798000000)
  to   space 5120K, 0% used [0x0000000797600000,0x0000000797600000,0x0000000797b00000)
 ParOldGen       total 87552K, used 8637K [0x0000000740000000, 0x0000000745580000, 0x0000000795580000)
  object space 87552K, 9% used [0x0000000740000000,0x000000074086f718,0x0000000745580000)
 Metaspace       used 20130K, capacity 21204K, committed 21248K, reserved 1067008K
  class space    used 2792K, capacity 3041K, committed 3072K, reserved 1048576K
Event: 7.085 GC heap after
Heap after GC invocations=3 (full 1):
 PSYoungGen      total 38400K, used 0K [0x0000000795580000, 0x0000000798000000, 0x00000007c0000000)
  eden space 33280K, 0% used [0x0000000795580000,0x0000000795580000,0x0000000797600000)
  from space 5120K, 0% used [0x0000000797b00000,0x0000000797b00000,0x0000000798000000)
  to   space 5120K, 0% used [0x0000000797600000,0x0000000797600000,0x0000000797b00000)
 ParOldGen       total 79872K, used 10972K [0x0000000740000000, 0x0000000744e00000, 0x0000000795580000)
  object space 79872K, 13% used [0x0000000740000000,0x0000000740ab7318,0x0000000744e00000)
 Metaspace       used 20130K, capacity 21204K, committed 21248K, reserved 1067008K
  class space    used 2792K, capacity 3041K, committed 3072K, reserved 1048576K
}
Event: 29.600 GC heap before
{Heap before GC invocations=4 (full 1):
 PSYoungGen      total 38400K, used 33280K [0x0000000795580000, 0x0000000798000000, 0x00000007c0000000)
  eden space 33280K, 100% used [0x0000000795580000,0x0000000797600000,0x0000000797600000)
  from space 5120K, 0% used [0x0000000797b00000,0x0000000797b00000,0x0000000798000000)
  to   space 5120K, 0% used [0x0000000797600000,0x0000000797600000,0x0000000797b00000)
 ParOldGen       total 79872K, used 10972K [0x0000000740000000, 0x0000000744e00000, 0x0000000795580000)
  object space 79872K, 13% used [0x0000000740000000,0x0000000740ab7318,0x0000000744e00000)
 Metaspace       used 26008K, capacity 27150K, committed 27264K, reserved 1073152K
  class space    used 3468K, capacity 3702K, committed 3712K, reserved 1048576K
Event: 29.628 GC heap after
Heap after GC invocations=4 (full 1):
 PSYoungGen      total 38400K, used 4208K [0x0000000795580000, 0x0000000798680000, 0x00000007c0000000)
  eden space 33280K, 0% used [0x0000000795580000,0x0000000795580000,0x0000000797600000)
  from space 5120K, 82% used [0x0000000797600000,0x0000000797a1c010,0x0000000797b00000)
  to   space 5120K, 0% used [0x0000000798180000,0x0000000798180000,0x0000000798680000)
 ParOldGen       total 79872K, used 43748K [0x0000000740000000, 0x0000000744e00000, 0x0000000795580000)
  object space 79872K, 54% used [0x0000000740000000,0x0000000742ab9358,0x0000000744e00000)
 Metaspace       used 26008K, capacity 27150K, committed 27264K, reserved 1073152K
  class space    used 3468K, capacity 3702K, committed 3712K, reserved 1048576K
}
Event: 29.628 GC heap before
{Heap before GC invocations=5 (full 2):
 PSYoungGen      total 38400K, used 4208K [0x0000000795580000, 0x0000000798680000, 0x00000007c0000000)
  eden space 33280K, 0% used [0x0000000795580000,0x0000000795580000,0x0000000797600000)
  from space 5120K, 82% used [0x0000000797600000,0x0000000797a1c010,0x0000000797b00000)
  to   space 5120K, 0% used [0x0000000798180000,0x0000000798180000,0x0000000798680000)
 ParOldGen       total 79872K, used 43748K [0x0000000740000000, 0x0000000744e00000, 0x0000000795580000)
  object space 79872K, 54% used [0x0000000740000000,0x0000000742ab9358,0x0000000744e00000)
 Metaspace       used 26008K, capacity 27150K, committed 27264K, reserved 1073152K
  class space    used 3468K, capacity 3702K, committed 3712K, reserved 1048576K
Event: 29.667 GC heap after
Heap after GC invocations=5 (full 2):
 PSYoungGen      total 38400K, used 0K [0x0000000795580000, 0x0000000798680000, 0x00000007c0000000)
  eden space 33280K, 0% used [0x0000000795580000,0x0000000795580000,0x0000000797600000)
  from space 5120K, 0% used [0x0000000797600000,0x0000000797600000,0x0000000797b00000)
  to   space 5120K, 0% used [0x0000000798180000,0x0000000798180000,0x0000000798680000)
 ParOldGen       total 159232K, used 22073K [0x0000000740000000, 0x0000000749b80000, 0x0000000795580000)
  object space 159232K, 13% used [0x0000000740000000,0x000000074158e670,0x0000000749b80000)
 Metaspace       used 26008K, capacity 27150K, committed 27264K, reserved 1073152K
  class space    used 3468K, capacity 3702K, committed 3712K, reserved 1048576K
}

